<html>
<head>
<title>TestNG:  Default test</title>
<link href="../testng.css" rel="stylesheet" type="text/css" />
<link href="../my-testng.css" rel="stylesheet" type="text/css" />

<style type="text/css">
.log { display: none;} 
.stack-trace { display: none;} 
</style>
<script type="text/javascript">
<!--
function flip(e) {
  current = e.style.display;
  if (current == 'block') {
    e.style.display = 'none';
    return 0;
  }
  else {
    e.style.display = 'block';
    return 1;
  }
}

function toggleBox(szDivId, elem, msg1, msg2)
{
  var res = -1;  if (document.getElementById) {
    res = flip(document.getElementById(szDivId));
  }
  else if (document.all) {
    // this is the way old msie versions work
    res = flip(document.all[szDivId]);
  }
  if(elem) {
    if(res == 0) elem.innerHTML = msg1; else elem.innerHTML = msg2;
  }

}

function toggleAllBoxes() {
  if (document.getElementsByTagName) {
    d = document.getElementsByTagName('div');
    for (i = 0; i < d.length; i++) {
      if (d[i].className == 'log') {
        flip(d[i]);
      }
    }
  }
}

// -->
</script>

</head>
<body>
<h2 align='center'>Default test</h2><table border='1' align="center">
<tr>
<td>Tests passed/Failed/Skipped:</td><td>7/1/0</td>
</tr><tr>
<td>Started on:</td><td>Wed Jun 27 21:34:23 BST 2018</td>
</tr>
<tr><td>Total time:</td><td>31 seconds (31328 ms)</td>
</tr><tr>
<td>Included groups:</td><td></td>
</tr><tr>
<td>Excluded groups:</td><td></td>
</tr>
</table><p/>
<small><i>(Hover the method name to see the test class name)</i></small><p/>
<table width='100%' border='1' class='invocation-failed'>
<tr><td colspan='4' align='center'><b>FAILED TESTS</b></td></tr>
<tr><td><b>Test method</b></td>
<td width="30%"><b>Exception</b></td>
<td width="10%"><b>Time (seconds)</b></td>
<td><b>Instance</b></td>
</tr>
<tr>
<td title='com.ecom.qa.testcases.ApiCallsTest.apiTestReadUsersList002()'><b>apiTestReadUsersList002</b><br>Test class: com.ecom.qa.testcases.ApiCallsTest</td>
<td><div><pre>java.lang.AssertionError: Eve is found in response **Expected failure**
	at org.testng.Assert.fail(Assert.java:96)
	at com.ecom.qa.testcases.ApiCallsTest.apiTestReadUsersList002(ApiCallsTest.java:34)
	at sun.reflect.NativeMethodAccessorImpl.invoke0(Native Method)
	at sun.reflect.NativeMethodAccessorImpl.invoke(NativeMethodAccessorImpl.java:62)
	at sun.reflect.DelegatingMethodAccessorImpl.invoke(DelegatingMethodAccessorImpl.java:43)
	at java.lang.reflect.Method.invoke(Method.java:497)
	at org.testng.internal.MethodInvocationHelper.invokeMethod(MethodInvocationHelper.java:124)
	at org.testng.internal.Invoker.invokeMethod(Invoker.java:580)
	at org.testng.internal.Invoker.invokeTestMethod(Invoker.java:716)
	at org.testng.internal.Invoker.invokeTestMethods(Invoker.java:988)
	at org.testng.internal.TestMethodWorker.invokeTestMethods(TestMethodWorker.java:125)
	at org.testng.internal.TestMethodWorker.run(TestMethodWorker.java:109)
	at org.testng.TestRunner.privateRun(TestRunner.java:648)
	at org.testng.TestRunner.run(TestRunner.java:505)
	at org.testng.SuiteRunner.runTest(SuiteRunner.java:455)
	at org.testng.SuiteRunner.runSequentially(SuiteRunner.java:450)
	at org.testng.SuiteRunner.privateRun(SuiteRunner.java:415)
	at org.testng.SuiteRunner.run(SuiteRunner.java:364)
	at org.testng.SuiteRunnerWorker.runSuite(SuiteRunnerWorker.java:52)
	at org.testng.SuiteRunnerWorker.run(SuiteRunnerWorker.java:84)
	at org.testng.TestNG.runSuitesSequentially(TestNG.java:1208)
	at org.testng.TestNG.runSuitesLocally(TestNG.java:1137)
	at org.testng.TestNG.runSuites(TestNG.java:1049)
	at org.testng.TestNG.run(TestNG.java:1017)
	at org.testng.remote.AbstractRemoteTestNG.run(AbstractRemoteTestNG.java:114)
	at org.testng.remote.RemoteTestNG.initAndRun(RemoteTestNG.java:251)
	at org.testng.remote.RemoteTestNG.main(RemoteTestNG.java:77)
</pre></div><a href='#' onClick='toggleBox("stack-trace1107530534", this, "Click to show all stack frames", "Click to hide stack frames")'>Click to show all stack frames</a>
<div class='stack-trace' id='stack-trace1107530534'><pre>java.lang.AssertionError: Eve is found in response **Expected failure**
	at org.testng.Assert.fail(Assert.java:96)
	at com.ecom.qa.testcases.ApiCallsTest.apiTestReadUsersList002(ApiCallsTest.java:34)
	at sun.reflect.NativeMethodAccessorImpl.invoke0(Native Method)
	at sun.reflect.NativeMethodAccessorImpl.invoke(NativeMethodAccessorImpl.java:62)
	at sun.reflect.DelegatingMethodAccessorImpl.invoke(DelegatingMethodAccessorImpl.java:43)
	at java.lang.reflect.Method.invoke(Method.java:497)
	at org.testng.internal.MethodInvocationHelper.invokeMethod(MethodInvocationHelper.java:124)
	at org.testng.internal.Invoker.invokeMethod(Invoker.java:580)
	at org.testng.internal.Invoker.invokeTestMethod(Invoker.java:716)
	at org.testng.internal.Invoker.invokeTestMethods(Invoker.java:988)
	at org.testng.internal.TestMethodWorker.invokeTestMethods(TestMethodWorker.java:125)
	at org.testng.internal.TestMethodWorker.run(TestMethodWorker.java:109)
	at org.testng.TestRunner.privateRun(TestRunner.java:648)
	at org.testng.TestRunner.run(TestRunner.java:505)
	at org.testng.SuiteRunner.runTest(SuiteRunner.java:455)
	at org.testng.SuiteRunner.runSequentially(SuiteRunner.java:450)
	at org.testng.SuiteRunner.privateRun(SuiteRunner.java:415)
	at org.testng.SuiteRunner.run(SuiteRunner.java:364)
	at org.testng.SuiteRunnerWorker.runSuite(SuiteRunnerWorker.java:52)
	at org.testng.SuiteRunnerWorker.run(SuiteRunnerWorker.java:84)
	at org.testng.TestNG.runSuitesSequentially(TestNG.java:1208)
	at org.testng.TestNG.runSuitesLocally(TestNG.java:1137)
	at org.testng.TestNG.runSuites(TestNG.java:1049)
	at org.testng.TestNG.run(TestNG.java:1017)
	at org.testng.remote.AbstractRemoteTestNG.run(AbstractRemoteTestNG.java:114)
	at org.testng.remote.RemoteTestNG.initAndRun(RemoteTestNG.java:251)
	at org.testng.remote.RemoteTestNG.main(RemoteTestNG.java:77)
</pre></div></td>
<td>0</td>
<td>com.ecom.qa.testcases.ApiCallsTest@10a035a0</td></tr>
</table><p>
<table width='100%' border='1' class='invocation-passed'>
<tr><td colspan='4' align='center'><b>PASSED TESTS</b></td></tr>
<tr><td><b>Test method</b></td>
<td width="30%"><b>Exception</b></td>
<td width="10%"><b>Time (seconds)</b></td>
<td><b>Instance</b></td>
</tr>
<tr>
<td title='com.ecom.qa.testcases.ApiCallsTest.apiTestCreateUser003()'><b>apiTestCreateUser003</b><br>Test class: com.ecom.qa.testcases.ApiCallsTest</td>
<td></td>
<td>0</td>
<td>com.ecom.qa.testcases.ApiCallsTest@10a035a0</td></tr>
<tr>
<td title='com.ecom.qa.testcases.ApiCallsTest.apiTestDeleteUser005()'><b>apiTestDeleteUser005</b><br>Test class: com.ecom.qa.testcases.ApiCallsTest</td>
<td></td>
<td>0</td>
<td>com.ecom.qa.testcases.ApiCallsTest@10a035a0</td></tr>
<tr>
<td title='com.ecom.qa.testcases.ApiCallsTest.apiTestReadUsersList001()'><b>apiTestReadUsersList001</b><br>Test class: com.ecom.qa.testcases.ApiCallsTest</td>
<td></td>
<td>0</td>
<td>com.ecom.qa.testcases.ApiCallsTest@10a035a0</td></tr>
<tr>
<td title='com.ecom.qa.testcases.ApiCallsTest.apiTestUpdateUser004()'><b>apiTestUpdateUser004</b><br>Test class: com.ecom.qa.testcases.ApiCallsTest</td>
<td></td>
<td>0</td>
<td>com.ecom.qa.testcases.ApiCallsTest@10a035a0</td></tr>
<tr>
<td title='com.ecom.qa.testcases.LoginPageTest.homePageLogin()'><b>homePageLogin</b><br>Test class: com.ecom.qa.testcases.LoginPageTest</td>
<td></td>
<td>3</td>
<td>com.ecom.qa.testcases.LoginPageTest@6eceb130</td></tr>
<tr>
<td title='com.ecom.qa.testcases.LoginPageTest.homePageLogout()'><b>homePageLogout</b><br>Test class: com.ecom.qa.testcases.LoginPageTest</td>
<td></td>
<td>6</td>
<td>com.ecom.qa.testcases.LoginPageTest@6eceb130</td></tr>
<tr>
<td title='com.ecom.qa.testcases.LoginPageTest.quickView()'><b>quickView</b><br>Test class: com.ecom.qa.testcases.LoginPageTest</td>
<td></td>
<td>1</td>
<td>com.ecom.qa.testcases.LoginPageTest@6eceb130</td></tr>
</table><p>
</body>
</html>